0 silly argv {
0 silly argv   _: [ 'add' ],
0 silly argv   peer: true,
0 silly argv   P: true,
0 silly argv   scope: '@wpmudev/react-tutorials-slider',
0 silly argv   globs: [],
0 silly argv   lernaVersion: '3.22.1',
0 silly argv   '$0': '/Users/leighton/Sites/github/shared-ui-react/node_modules/.bin/lerna',
0 silly argv   pkg: '@@wpmudev/shared-ui'
0 silly argv }
1 notice cli v3.22.1
2 verbose rootPath /Users/leighton/Sites/github/shared-ui-react
3 info versioning independent
4 error Error: Invalid package name "@": name can only contain URL-friendly characters
4 error     at invalidPackageName (/Users/leighton/Sites/github/shared-ui-react/node_modules/npm-package-arg/npa.js:86:15)
4 error     at Result.setName (/Users/leighton/Sites/github/shared-ui-react/node_modules/npm-package-arg/npa.js:121:11)
4 error     at new Result (/Users/leighton/Sites/github/shared-ui-react/node_modules/npm-package-arg/npa.js:111:23)
4 error     at resolve (/Users/leighton/Sites/github/shared-ui-react/node_modules/npm-package-arg/npa.js:58:15)
4 error     at npa (/Users/leighton/Sites/github/shared-ui-react/node_modules/npm-package-arg/npa.js:52:10)
4 error     at AddCommand.initialize (/Users/leighton/Sites/github/shared-ui-react/node_modules/@lerna/add/index.js:39:17)
